[2026-02-10T17:49:11.940+0000] {taskinstance.py:1956} INFO - Dependencies all met for dep_context=non-requeueable deps ti=<TaskInstance: zauba_scraping_cleaning_pipeline.scrape_and_store_raw manual__2026-02-10T17:49:08.021282+00:00 [queued]>
[2026-02-10T17:49:11.958+0000] {taskinstance.py:1956} INFO - Dependencies all met for dep_context=requeueable deps ti=<TaskInstance: zauba_scraping_cleaning_pipeline.scrape_and_store_raw manual__2026-02-10T17:49:08.021282+00:00 [queued]>
[2026-02-10T17:49:11.958+0000] {taskinstance.py:2170} INFO - Starting attempt 1 of 2
[2026-02-10T17:49:11.989+0000] {taskinstance.py:2191} INFO - Executing <Task(PythonOperator): scrape_and_store_raw> on 2026-02-10 17:49:08.021282+00:00
[2026-02-10T17:49:12.007+0000] {standard_task_runner.py:60} INFO - Started process 629 to run task
[2026-02-10T17:49:12.038+0000] {standard_task_runner.py:87} INFO - Running: ['***', 'tasks', 'run', 'zauba_scraping_cleaning_pipeline', 'scrape_and_store_raw', 'manual__2026-02-10T17:49:08.021282+00:00', '--job-id', '14', '--raw', '--subdir', 'DAGS_FOLDER/zintlr_scraper.py', '--cfg-path', '/tmp/tmp9hhd6g6p']
[2026-02-10T17:49:12.041+0000] {standard_task_runner.py:88} INFO - Job 14: Subtask scrape_and_store_raw
[2026-02-10T17:49:12.200+0000] {task_command.py:423} INFO - Running <TaskInstance: zauba_scraping_cleaning_pipeline.scrape_and_store_raw manual__2026-02-10T17:49:08.021282+00:00 [running]> on host 70fa07491976
[2026-02-10T17:49:12.404+0000] {taskinstance.py:2480} INFO - Exporting env vars: AIRFLOW_CTX_DAG_OWNER='***' AIRFLOW_CTX_DAG_ID='zauba_scraping_cleaning_pipeline' AIRFLOW_CTX_TASK_ID='scrape_and_store_raw' AIRFLOW_CTX_EXECUTION_DATE='2026-02-10T17:49:08.021282+00:00' AIRFLOW_CTX_TRY_NUMBER='1' AIRFLOW_CTX_DAG_RUN_ID='manual__2026-02-10T17:49:08.021282+00:00'
[2026-02-10T17:49:12.411+0000] {scraper.py:198} INFO - Total links to scrape: 100
[2026-02-10T17:49:12.412+0000] {scraper.py:201} INFO - [1/100] https://www.zaubacorp.com/ZINTLR-PRIVATE-LIMITED-U72900KA2022PTC165582
[2026-02-10T17:49:12.414+0000] {scraper.py:215} ERROR - Failed URL: https://www.zaubacorp.com/ZINTLR-PRIVATE-LIMITED-U72900KA2022PTC165582
[2026-02-10T17:49:12.415+0000] {scraper.py:216} ERROR - Reason: WebDriver.__init__() got an unexpected keyword argument 'service'
Traceback (most recent call last):
  File "/opt/airflow/scripts/scraper.py", line 204, in scrape_pipeline
    data = scrape_company(url)
  File "/opt/airflow/scripts/scraper.py", line 110, in scrape_company
    driver = create_driver()
  File "/opt/airflow/scripts/scraper.py", line 87, in create_driver
    return webdriver.Chrome(
TypeError: WebDriver.__init__() got an unexpected keyword argument 'service'
[2026-02-10T17:49:12.416+0000] {scraper.py:201} INFO - [2/100] https://www.zaubacorp.com/GOOGLE-ENTERPRISES-PRIVATE-LIMITED-U74900UP2011PTC045365
[2026-02-10T17:49:12.417+0000] {scraper.py:215} ERROR - Failed URL: https://www.zaubacorp.com/GOOGLE-ENTERPRISES-PRIVATE-LIMITED-U74900UP2011PTC045365
[2026-02-10T17:49:12.418+0000] {scraper.py:216} ERROR - Reason: WebDriver.__init__() got an unexpected keyword argument 'service'
Traceback (most recent call last):
  File "/opt/airflow/scripts/scraper.py", line 204, in scrape_pipeline
    data = scrape_company(url)
  File "/opt/airflow/scripts/scraper.py", line 110, in scrape_company
    driver = create_driver()
  File "/opt/airflow/scripts/scraper.py", line 87, in create_driver
    return webdriver.Chrome(
TypeError: WebDriver.__init__() got an unexpected keyword argument 'service'
[2026-02-10T17:49:12.420+0000] {scraper.py:201} INFO - [3/100] https://www.zaubacorp.com/GOOGLE-INDIA-PRIVATE-LIMITED-U72900KA2003PTC033028
[2026-02-10T17:49:12.420+0000] {scraper.py:215} ERROR - Failed URL: https://www.zaubacorp.com/GOOGLE-INDIA-PRIVATE-LIMITED-U72900KA2003PTC033028
[2026-02-10T17:49:12.421+0000] {scraper.py:216} ERROR - Reason: WebDriver.__init__() got an unexpected keyword argument 'service'
Traceback (most recent call last):
  File "/opt/airflow/scripts/scraper.py", line 204, in scrape_pipeline
    data = scrape_company(url)
  File "/opt/airflow/scripts/scraper.py", line 110, in scrape_company
    driver = create_driver()
  File "/opt/airflow/scripts/scraper.py", line 87, in create_driver
    return webdriver.Chrome(
TypeError: WebDriver.__init__() got an unexpected keyword argument 'service'
[2026-02-10T17:49:12.423+0000] {scraper.py:201} INFO - [4/100] https://www.zaubacorp.com/GOOGLE-PAYMENT-INDIA-PRIVATE-LIMITED-U72200DL2007PTC360455
[2026-02-10T17:49:12.424+0000] {scraper.py:215} ERROR - Failed URL: https://www.zaubacorp.com/GOOGLE-PAYMENT-INDIA-PRIVATE-LIMITED-U72200DL2007PTC360455
[2026-02-10T17:49:12.424+0000] {scraper.py:216} ERROR - Reason: WebDriver.__init__() got an unexpected keyword argument 'service'
Traceback (most recent call last):
  File "/opt/airflow/scripts/scraper.py", line 204, in scrape_pipeline
    data = scrape_company(url)
  File "/opt/airflow/scripts/scraper.py", line 110, in scrape_company
    driver = create_driver()
  File "/opt/airflow/scripts/scraper.py", line 87, in create_driver
    return webdriver.Chrome(
TypeError: WebDriver.__init__() got an unexpected keyword argument 'service'
[2026-02-10T17:49:12.429+0000] {scraper.py:201} INFO - [5/100] https://www.zaubacorp.com/MICROSOFT-TECHNOLOGICAL-RESEARCH-PVT-LTD-U72200WB1990PTC048500
[2026-02-10T17:49:12.431+0000] {scraper.py:215} ERROR - Failed URL: https://www.zaubacorp.com/MICROSOFT-TECHNOLOGICAL-RESEARCH-PVT-LTD-U72200WB1990PTC048500
[2026-02-10T17:49:12.431+0000] {scraper.py:216} ERROR - Reason: WebDriver.__init__() got an unexpected keyword argument 'service'
Traceback (most recent call last):
  File "/opt/airflow/scripts/scraper.py", line 204, in scrape_pipeline
    data = scrape_company(url)
  File "/opt/airflow/scripts/scraper.py", line 110, in scrape_company
    driver = create_driver()
  File "/opt/airflow/scripts/scraper.py", line 87, in create_driver
    return webdriver.Chrome(
TypeError: WebDriver.__init__() got an unexpected keyword argument 'service'
[2026-02-10T17:49:12.435+0000] {scraper.py:201} INFO - [6/100] https://www.zaubacorp.com/NAKSHATRIKA-MICROSOFT-LIMITED-U30002MP1993PLC007685
[2026-02-10T17:49:12.436+0000] {scraper.py:215} ERROR - Failed URL: https://www.zaubacorp.com/NAKSHATRIKA-MICROSOFT-LIMITED-U30002MP1993PLC007685
[2026-02-10T17:49:12.437+0000] {scraper.py:216} ERROR - Reason: WebDriver.__init__() got an unexpected keyword argument 'service'
Traceback (most recent call last):
  File "/opt/airflow/scripts/scraper.py", line 204, in scrape_pipeline
    data = scrape_company(url)
  File "/opt/airflow/scripts/scraper.py", line 110, in scrape_company
    driver = create_driver()
  File "/opt/airflow/scripts/scraper.py", line 87, in create_driver
    return webdriver.Chrome(
TypeError: WebDriver.__init__() got an unexpected keyword argument 'service'
[2026-02-10T17:49:12.440+0000] {scraper.py:201} INFO - [7/100] https://www.zaubacorp.com/TCS-INVESTMENTS-PRIVATE-LIMITED-U67120TZ1994PTC005541
[2026-02-10T17:49:12.441+0000] {scraper.py:215} ERROR - Failed URL: https://www.zaubacorp.com/TCS-INVESTMENTS-PRIVATE-LIMITED-U67120TZ1994PTC005541
[2026-02-10T17:49:12.441+0000] {scraper.py:216} ERROR - Reason: WebDriver.__init__() got an unexpected keyword argument 'service'
Traceback (most recent call last):
  File "/opt/airflow/scripts/scraper.py", line 204, in scrape_pipeline
    data = scrape_company(url)
  File "/opt/airflow/scripts/scraper.py", line 110, in scrape_company
    driver = create_driver()
  File "/opt/airflow/scripts/scraper.py", line 87, in create_driver
    return webdriver.Chrome(
TypeError: WebDriver.__init__() got an unexpected keyword argument 'service'
[2026-02-10T17:49:12.444+0000] {scraper.py:201} INFO - [8/100] https://www.zaubacorp.com/TCS-BUILDTECH-PRIVATE-LIMITED-U70109DL2006PTC150945
[2026-02-10T17:49:12.447+0000] {scraper.py:215} ERROR - Failed URL: https://www.zaubacorp.com/TCS-BUILDTECH-PRIVATE-LIMITED-U70109DL2006PTC150945
[2026-02-10T17:49:12.448+0000] {scraper.py:216} ERROR - Reason: WebDriver.__init__() got an unexpected keyword argument 'service'
Traceback (most recent call last):
  File "/opt/airflow/scripts/scraper.py", line 204, in scrape_pipeline
    data = scrape_company(url)
  File "/opt/airflow/scripts/scraper.py", line 110, in scrape_company
    driver = create_driver()
  File "/opt/airflow/scripts/scraper.py", line 87, in create_driver
    return webdriver.Chrome(
TypeError: WebDriver.__init__() got an unexpected keyword argument 'service'
[2026-02-10T17:49:12.451+0000] {scraper.py:201} INFO - [9/100] https://www.zaubacorp.com/TCS-FOUNDATION-U74999MH2015NPL262710
[2026-02-10T17:49:12.452+0000] {scraper.py:215} ERROR - Failed URL: https://www.zaubacorp.com/TCS-FOUNDATION-U74999MH2015NPL262710
[2026-02-10T17:49:12.452+0000] {scraper.py:216} ERROR - Reason: WebDriver.__init__() got an unexpected keyword argument 'service'
Traceback (most recent call last):
  File "/opt/airflow/scripts/scraper.py", line 204, in scrape_pipeline
    data = scrape_company(url)
  File "/opt/airflow/scripts/scraper.py", line 110, in scrape_company
    driver = create_driver()
  File "/opt/airflow/scripts/scraper.py", line 87, in create_driver
    return webdriver.Chrome(
TypeError: WebDriver.__init__() got an unexpected keyword argument 'service'
[2026-02-10T17:49:12.454+0000] {scraper.py:201} INFO - [10/100] https://www.zaubacorp.com/TCS-E-SERVE-LIMITED-U65990MH1984PLC033929
[2026-02-10T17:49:12.455+0000] {scraper.py:215} ERROR - Failed URL: https://www.zaubacorp.com/TCS-E-SERVE-LIMITED-U65990MH1984PLC033929
[2026-02-10T17:49:12.456+0000] {scraper.py:216} ERROR - Reason: WebDriver.__init__() got an unexpected keyword argument 'service'
Traceback (most recent call last):
  File "/opt/airflow/scripts/scraper.py", line 204, in scrape_pipeline
    data = scrape_company(url)
  File "/opt/airflow/scripts/scraper.py", line 110, in scrape_company
    driver = create_driver()
  File "/opt/airflow/scripts/scraper.py", line 87, in create_driver
    return webdriver.Chrome(
TypeError: WebDriver.__init__() got an unexpected keyword argument 'service'
[2026-02-10T17:49:12.458+0000] {scraper.py:201} INFO - [11/100] https://www.zaubacorp.com/TCS-MARKENTILE-PRIVATE-LIMITED-U74999WB2010PTC153847
[2026-02-10T17:49:12.459+0000] {scraper.py:215} ERROR - Failed URL: https://www.zaubacorp.com/TCS-MARKENTILE-PRIVATE-LIMITED-U74999WB2010PTC153847
[2026-02-10T17:49:12.460+0000] {scraper.py:216} ERROR - Reason: WebDriver.__init__() got an unexpected keyword argument 'service'
Traceback (most recent call last):
  File "/opt/airflow/scripts/scraper.py", line 204, in scrape_pipeline
    data = scrape_company(url)
  File "/opt/airflow/scripts/scraper.py", line 110, in scrape_company
    driver = create_driver()
  File "/opt/airflow/scripts/scraper.py", line 87, in create_driver
    return webdriver.Chrome(
TypeError: WebDriver.__init__() got an unexpected keyword argument 'service'
[2026-02-10T17:49:12.465+0000] {taskinstance.py:2698} ERROR - Task failed with exception
Traceback (most recent call last):
  File "/home/airflow/.local/lib/python3.10/site-packages/airflow/models/taskinstance.py", line 433, in _execute_task
    result = execute_callable(context=context, **execute_callable_kwargs)
  File "/home/airflow/.local/lib/python3.10/site-packages/airflow/operators/python.py", line 199, in execute
    return_value = self.execute_callable()
  File "/home/airflow/.local/lib/python3.10/site-packages/airflow/operators/python.py", line 216, in execute_callable
    return self.python_callable(*self.op_args, **self.op_kwargs)
  File "/opt/airflow/scripts/scraper.py", line 219, in scrape_pipeline
    raise AirflowFailException(f"Too many failures ({failure}/{total})")
airflow.exceptions.AirflowFailException: Too many failures (11/100)
[2026-02-10T17:49:12.488+0000] {taskinstance.py:1138} INFO - Immediate failure requested. Marking task as FAILED. dag_id=zauba_scraping_cleaning_pipeline, task_id=scrape_and_store_raw, execution_date=20260210T174908, start_date=20260210T174911, end_date=20260210T174912
[2026-02-10T17:49:12.523+0000] {standard_task_runner.py:107} ERROR - Failed to execute job 14 for task scrape_and_store_raw (Too many failures (11/100); 629)
[2026-02-10T17:49:12.604+0000] {local_task_job_runner.py:234} INFO - Task exited with return code 1
[2026-02-10T17:49:12.750+0000] {taskinstance.py:3280} INFO - 0 downstream tasks scheduled from follow-on schedule check
